[debug] ----------------------------------------------------------------------
[debug] Command:      C:\Program Files\nodejs\node.exe C:\Users\AxeL\AppData\Roaming\npm\node_modules\firebase-tools\bin\firebase init
[debug] CLI Version:  3.4.0
[debug] Platform:     win32
[debug] Node Version: v6.10.0
[debug] Time:         Fri Mar 10 2017 15:41:41 GMT+0200 (Jerusalem Standard Time)
[debug] ----------------------------------------------------------------------
[debug] 
[debug] > command requires scopes: ["email","openid","https://www.googleapis.com/auth/cloudplatformprojects.readonly","https://www.googleapis.com/auth/firebase"]
[info] 
     ######## #### ########  ######## ########     ###     ######  ########
     ##        ##  ##     ## ##       ##     ##  ##   ##  ##       ##
     ######    ##  ########  ######   ########  #########  ######  ######
     ##        ##  ##    ##  ##       ##     ## ##     ##       ## ##
     ##       #### ##     ## ######## ########  ##     ##  ######  ########

You're about to initialize a Firebase project in this directory:

  C:\Users\AxeL\Desktop\Git_Project\angular2-exercise-2-Zvukamar\ex2App

[debug] Error: EPERM: operation not permitted, rename 'C:\Users\AxeL\.config\configstore\firebase-tools.json.1520396428' -> 'C:\Users\AxeL\.config\configstore\firebase-tools.json'
    at Error (native)
    at Object.fs.renameSync (fs.js:809:18)
    at Function.writeFileSync [as sync] (C:\Users\AxeL\AppData\Roaming\npm\node_modules\firebase-tools\node_modules\write-file-atomic\index.js:95:8)
    at Object.set (C:\Users\AxeL\AppData\Roaming\npm\node_modules\firebase-tools\node_modules\configstore\index.js:62:21)
    at Object.Configstore.set (C:\Users\AxeL\AppData\Roaming\npm\node_modules\firebase-tools\node_modules\configstore\index.js:93:11)
    at Request._callback (C:\Users\AxeL\AppData\Roaming\npm\node_modules\firebase-tools\lib\fetchMOTD.js:51:19)
    at Request.self.callback (C:\Users\AxeL\AppData\Roaming\npm\node_modules\firebase-tools\node_modules\request\request.js:187:22)
    at emitTwo (events.js:106:13)
    at Request.emit (events.js:191:7)
    at Request.<anonymous> (C:\Users\AxeL\AppData\Roaming\npm\node_modules\firebase-tools\node_modules\request\request.js:1126:10)
[error] 
[error] Error: An unexpected error has occurred.
[debug] ----------------------------------------------------------------------
[debug] Command:      C:\Program Files\nodejs\node.exe C:\Users\AxeL\AppData\Roaming\npm\node_modules\firebase-tools\bin\firebase init
[debug] CLI Version:  3.4.0
[debug] Platform:     win32
[debug] Node Version: v6.10.0
[debug] Time:         Fri Mar 10 2017 15:41:45 GMT+0200 (Jerusalem Standard Time)
[debug] ----------------------------------------------------------------------
[debug] 
[debug] > command requires scopes: ["email","openid","https://www.googleapis.com/auth/cloudplatformprojects.readonly","https://www.googleapis.com/auth/firebase"]
[info] 
     ######## #### ########  ######## ########     ###     ######  ########
     ##        ##  ##     ## ##       ##     ##  ##   ##  ##       ##
     ######    ##  ########  ######   ########  #########  ######  ######
     ##        ##  ##    ##  ##       ##     ## ##     ##       ## ##
     ##       #### ##     ## ######## ########  ##     ##  ######  ########

You're about to initialize a Firebase project in this directory:

  C:\Users\AxeL\Desktop\Git_Project\angular2-exercise-2-Zvukamar\ex2App

[debug] Error: EPERM: operation not permitted, rename 'C:\Users\AxeL\.config\configstore\firebase-tools.json.423051675' -> 'C:\Users\AxeL\.config\configstore\firebase-tools.json'
    at Error (native)
    at Object.fs.renameSync (fs.js:809:18)
    at Function.writeFileSync [as sync] (C:\Users\AxeL\AppData\Roaming\npm\node_modules\firebase-tools\node_modules\write-file-atomic\index.js:95:8)
    at Object.set (C:\Users\AxeL\AppData\Roaming\npm\node_modules\firebase-tools\node_modules\configstore\index.js:62:21)
    at Object.Configstore.set (C:\Users\AxeL\AppData\Roaming\npm\node_modules\firebase-tools\node_modules\configstore\index.js:93:11)
    at Request._callback (C:\Users\AxeL\AppData\Roaming\npm\node_modules\firebase-tools\lib\fetchMOTD.js:51:19)
    at Request.self.callback (C:\Users\AxeL\AppData\Roaming\npm\node_modules\firebase-tools\node_modules\request\request.js:187:22)
    at emitTwo (events.js:106:13)
    at Request.emit (events.js:191:7)
    at Request.<anonymous> (C:\Users\AxeL\AppData\Roaming\npm\node_modules\firebase-tools\node_modules\request\request.js:1126:10)
[error] 
[error] Error: An unexpected error has occurred.
